Ex1 (OOP) Simulator log: stage B4.json,  Calls_a4.csv
0.0,OOP_Ex1_Elevator_Simulator
0.0,Simulated Building, Building [-10,100]
0) ex1.Elevator_A, Elev_, id,0,  speed, 1.0, open: 2.0,  start: 3.0, close: 2.0,  stop: 3.0
1) ex1.Elevator_A, Elev_, id,1,  speed, 2.0, open: 2.0,  start: 3.0, close: 2.0,  stop: 3.0
2) ex1.Elevator_A, Elev_, id,2,  speed, 8.0, open: 1.25,  start: 1.875, close: 1.25,  stop: 1.875
3) ex1.Elevator_A, Elev_, id,3,  speed, 6.0, open: 1.6666666666666667,  start: 2.5, close: 1.6666666666666667,  stop: 2.5
4) ex1.Elevator_A, Elev_, id,4,  speed, 2.0, open: 2.0,  start: 3.0, close: 2.0,  stop: 3.0

0.0,Simulated Period starTime,0.0,  endTime,1104.1840186,  dt,1.0
0.0,Simulated  calls,Elevator log, size: 100
0.0,**** Simulation starts!! ****
5.0,Elevator call,4.37472729,0,-1,1,2, got allocated to elevator, 2
5.0,Elev,2,  arrived at src, 0, Elevator call,4.37472729,0,-1,2,2
5.0, elevID,2,  pos,0,  cmd, goto,-1
12.0,Elev,2,  arrived at dest, -1, this call is done!, Elevator call,4.37472729,0,-1,3,2, Done, dt, 7.62527271
17.0,Elevator call,16.95788289,-1,0,1,2, got allocated to elevator, 2
17.0,Elev,2,  arrived at src, -1, Elevator call,16.95788289,-1,0,2,2
17.0, elevID,2,  pos,-1,  cmd, goto,0
23.0,Elevator call,22.0940563,0,-1,1,2, got allocated to elevator, 2
24.0,Elev,2,  arrived at dest, 0, this call is done!, Elevator call,16.95788289,-1,0,3,2, Done, dt, 7.0421171099999995
24.0,Elev,2,  arrived at src, 0, Elevator call,22.0940563,0,-1,2,2
24.0, elevID,2,  pos,0,  cmd, goto,-1
31.0,Elev,2,  arrived at dest, -1, this call is done!, Elevator call,22.0940563,0,-1,3,2, Done, dt, 8.905943700000002
86.0,Elevator call,85.52096662,3,2,1,3, got allocated to elevator, 3
86.0, elevID,3,  pos,0,  cmd, goto,3
92.0,Elevator call,91.21019413,-1,-2,1,2, got allocated to elevator, 2
92.0,Elev,2,  arrived at src, -1, Elevator call,91.21019413,-1,-2,2,2
92.0, elevID,2,  pos,-1,  cmd, goto,-2
95.0,Elev,3,  arrived at src, 3, Elevator call,85.52096662,3,2,2,3
95.0, elevID,3,  pos,3,  cmd, goto,2
99.0,Elev,2,  arrived at dest, -2, this call is done!, Elevator call,91.21019413,-1,-2,3,2, Done, dt, 7.789805869999995
104.0,Elev,3,  arrived at dest, 2, this call is done!, Elevator call,85.52096662,3,2,3,3, Done, dt, 18.479033380000004
105.0,Elevator call,104.1370124,0,4,1,2, got allocated to elevator, 2
105.0, elevID,2,  pos,-2,  cmd, goto,0
110.0,Elevator call,109.2135291,-1,0,1,3, got allocated to elevator, 3
110.0, elevID,3,  pos,2,  cmd, goto,-1
112.0,Elev,2,  arrived at src, 0, Elevator call,104.1370124,0,4,2,2
112.0, elevID,2,  pos,0,  cmd, goto,4
115.0,Elevator call,114.392351,3,0,1,2, got allocated to elevator, 2
115.0, elevID,2,  pos,0,  cmd, stop,3
119.0,Elev,2,  arrived at src, 3, Elevator call,114.392351,3,0,2,2
119.0, elevID,2,  pos,3,  cmd, goto,4
119.0,Elev,3,  arrived at src, -1, Elevator call,109.2135291,-1,0,2,3
119.0, elevID,3,  pos,-1,  cmd, goto,0
125.0,Elevator call,124.425571,0,9,1,2, got allocated to elevator, 2
126.0,Elev,2,  arrived at dest, 4, this call is done!, Elevator call,104.1370124,0,4,3,2, Done, dt, 21.862987599999997
126.0, elevID,2,  pos,4,  cmd, goto,0
128.0,Elev,3,  arrived at dest, 0, this call is done!, Elevator call,109.2135291,-1,0,3,3, Done, dt, 18.786470899999998
131.0,Elevator call,130.0249568,8,10,1,1, got allocated to elevator, 1
131.0,Elevator call,130.2249113,-1,1,1,3, got allocated to elevator, 3
131.0, elevID,1,  pos,0,  cmd, goto,8
131.0, elevID,3,  pos,0,  cmd, goto,-1
133.0,Elev,2,  arrived at dest, 0, this call is done!, Elevator call,114.392351,3,0,3,2, Done, dt, 18.607648999999995
133.0,Elev,2,  arrived at src, 0, Elevator call,124.425571,0,9,2,2
133.0, elevID,2,  pos,0,  cmd, goto,9
138.0,Elevator call,137.9515274,0,4,1,3, got allocated to elevator, 3
140.0,Elev,3,  arrived at src, -1, Elevator call,130.2249113,-1,1,2,3
140.0, elevID,3,  pos,-1,  cmd, goto,0
141.0,Elev,2,  arrived at dest, 9, this call is done!, Elevator call,124.425571,0,9,3,2, Done, dt, 16.574428999999995
144.0,Elevator call,143.9133584,0,6,1,2, got allocated to elevator, 2
144.0, elevID,2,  pos,9,  cmd, goto,0
145.0,Elev,1,  arrived at src, 8, Elevator call,130.0249568,8,10,2,1
145.0, elevID,1,  pos,8,  cmd, goto,10
149.0,Elev,3,  arrived at src, 0, Elevator call,137.9515274,0,4,2,3
149.0, elevID,3,  pos,0,  cmd, goto,1
152.0,Elev,2,  arrived at src, 0, Elevator call,143.9133584,0,6,2,2
152.0, elevID,2,  pos,0,  cmd, goto,6
156.0,Elev,1,  arrived at dest, 10, this call is done!, Elevator call,130.0249568,8,10,3,1, Done, dt, 25.975043199999988
158.0,Elev,3,  arrived at dest, 1, this call is done!, Elevator call,130.2249113,-1,1,3,3, Done, dt, 27.775088699999998
158.0, elevID,3,  pos,1,  cmd, goto,4
159.0,Elev,2,  arrived at dest, 6, this call is done!, Elevator call,143.9133584,0,6,3,2, Done, dt, 15.086641600000007
167.0,Elev,3,  arrived at dest, 4, this call is done!, Elevator call,137.9515274,0,4,3,3, Done, dt, 29.048472599999997
170.0,Elevator call,169.7845834,-1,0,1,4, got allocated to elevator, 4
170.0, elevID,4,  pos,0,  cmd, goto,-1
171.0,Elevator call,170.0099621,0,6,1,2, got allocated to elevator, 2
171.0, elevID,2,  pos,6,  cmd, goto,0
172.0,Elevator call,171.2117332,-1,8,1,3, got allocated to elevator, 3
172.0, elevID,3,  pos,4,  cmd, goto,-1
175.0,Elevator call,174.8438515,0,-1,1,0, got allocated to elevator, 0
175.0,Elev,0,  arrived at src, 0, Elevator call,174.8438515,0,-1,2,0
175.0, elevID,0,  pos,0,  cmd, goto,-1
178.0,Elev,2,  arrived at src, 0, Elevator call,170.0099621,0,6,2,2
178.0, elevID,2,  pos,0,  cmd, goto,6
181.0,Elev,4,  arrived at src, -1, Elevator call,169.7845834,-1,0,2,4
181.0, elevID,4,  pos,-1,  cmd, goto,0
182.0,Elev,3,  arrived at src, -1, Elevator call,171.2117332,-1,8,2,3
182.0, elevID,3,  pos,-1,  cmd, goto,8
185.0,Elev,2,  arrived at dest, 6, this call is done!, Elevator call,170.0099621,0,6,3,2, Done, dt, 14.990037900000004
186.0,Elev,0,  arrived at dest, -1, this call is done!, Elevator call,174.8438515,0,-1,3,0, Done, dt, 11.1561485
188.0,Elevator call,187.1167862,-1,-2,1,4, got allocated to elevator, 4
188.0,Elevator call,187.7299318,-1,-2,1,0, got allocated to elevator, 0
188.0,Elev,0,  arrived at src, -1, Elevator call,187.7299318,-1,-2,2,0
188.0, elevID,0,  pos,-1,  cmd, goto,-2
192.0,Elev,3,  arrived at dest, 8, this call is done!, Elevator call,171.2117332,-1,8,3,3, Done, dt, 20.788266800000002
192.0,Elev,4,  arrived at dest, 0, this call is done!, Elevator call,169.7845834,-1,0,3,4, Done, dt, 22.215416599999998
192.0, elevID,4,  pos,0,  cmd, goto,-1
196.0,Elevator call,195.9086965,0,7,1,2, got allocated to elevator, 2
196.0, elevID,2,  pos,6,  cmd, goto,0
198.0,Elevator call,197.5359191,-1,1,1,4, got allocated to elevator, 4
199.0,Elev,0,  arrived at dest, -2, this call is done!, Elevator call,187.7299318,-1,-2,3,0, Done, dt, 11.270068199999997
203.0,Elev,2,  arrived at src, 0, Elevator call,195.9086965,0,7,2,2
203.0, elevID,2,  pos,0,  cmd, goto,7
203.0,Elev,4,  arrived at src, -1, Elevator call,187.1167862,-1,-2,2,4
203.0,Elev,4,  arrived at src, -1, Elevator call,197.5359191,-1,1,2,4
203.0, elevID,4,  pos,-1,  cmd, goto,-2
206.0,Elevator call,205.9895199,-1,0,1,0, got allocated to elevator, 0
206.0, elevID,0,  pos,-2,  cmd, goto,-1
211.0,Elev,2,  arrived at dest, 7, this call is done!, Elevator call,195.9086965,0,7,3,2, Done, dt, 15.09130350000001
214.0,Elev,4,  arrived at dest, -2, this call is done!, Elevator call,187.1167862,-1,-2,3,4, Done, dt, 26.883213799999993
214.0, elevID,4,  pos,-2,  cmd, goto,1
217.0,Elev,0,  arrived at src, -1, Elevator call,205.9895199,-1,0,2,0
217.0, elevID,0,  pos,-1,  cmd, goto,0
226.0,Elev,4,  arrived at dest, 1, this call is done!, Elevator call,197.5359191,-1,1,3,4, Done, dt, 28.4640809
228.0,Elevator call,227.0798305,-1,5,1,2, got allocated to elevator, 2
228.0,Elev,0,  arrived at dest, 0, this call is done!, Elevator call,205.9895199,-1,0,3,0, Done, dt, 22.010480099999995
228.0, elevID,2,  pos,7,  cmd, goto,-1
232.0,Elevator call,231.5157882,-1,0,1,3, got allocated to elevator, 3
232.0, elevID,3,  pos,8,  cmd, goto,-1
233.0,Elevator call,232.9504362,0,-1,1,3, got allocated to elevator, 3
, elevID,3,  pos,8,  cmd, stop,0
236.0,Elev,2,  arrived at src, -1, Elevator call,227.0798305,-1,5,2,2
236.0, elevID,2,  pos,-1,  cmd, goto,5
242.0,Elev,3,  arrived at src, 0, Elevator call,232.9504362,0,-1,2,3
242.0, elevID,3,  pos,0,  cmd, goto,-1
243.0,Elev,2,  arrived at dest, 5, this call is done!, Elevator call,227.0798305,-1,5,3,2, Done, dt, 15.920169499999986
251.0,Elev,3,  arrived at src, -1, Elevator call,231.5157882,-1,0,2,3
251.0,Elev,3,  arrived at dest, -1, this call is done!, Elevator call,232.9504362,0,-1,3,3, Done, dt, 18.049563799999987
251.0, elevID,3,  pos,-1,  cmd, goto,0
252.0,Elevator call,251.1044469,-1,-2,1,4, got allocated to elevator, 4
252.0,Elevator call,251.2359335,0,9,1,2, got allocated to elevator, 2
252.0, elevID,2,  pos,5,  cmd, goto,0
252.0, elevID,4,  pos,1,  cmd, goto,-1
255.0,Elevator call,254.6977153,3,4,1,1, got allocated to elevator, 1
255.0, elevID,1,  pos,10,  cmd, goto,3
258.0,Elevator call,257.7974435,-1,0,1,3, got allocated to elevator, 3
259.0,Elev,2,  arrived at src, 0, Elevator call,251.2359335,0,9,2,2
259.0, elevID,2,  pos,0,  cmd, goto,9
260.0,Elev,3,  arrived at dest, 0, this call is done!, Elevator call,231.5157882,-1,0,3,3, Done, dt, 28.484211799999997
260.0, elevID,3,  pos,0,  cmd, goto,-1
263.0,Elev,4,  arrived at src, -1, Elevator call,251.1044469,-1,-2,2,4
263.0, elevID,4,  pos,-1,  cmd, goto,-2
267.0,Elev,2,  arrived at dest, 9, this call is done!, Elevator call,251.2359335,0,9,3,2, Done, dt, 15.764066500000013
269.0,Elev,1,  arrived at src, 3, Elevator call,254.6977153,3,4,2,1
269.0, elevID,1,  pos,3,  cmd, goto,4
269.0,Elev,3,  arrived at src, -1, Elevator call,257.7974435,-1,0,2,3
269.0, elevID,3,  pos,-1,  cmd, goto,0
274.0,Elev,4,  arrived at dest, -2, this call is done!, Elevator call,251.1044469,-1,-2,3,4, Done, dt, 22.8955531
278.0,Elev,3,  arrived at dest, 0, this call is done!, Elevator call,257.7974435,-1,0,3,3, Done, dt, 20.202556500000014
280.0,Elev,1,  arrived at dest, 4, this call is done!, Elevator call,254.6977153,3,4,3,1, Done, dt, 25.3022847
296.0,Elevator call,295.7943357,0,1,1,0, got allocated to elevator, 0
296.0,Elev,0,  arrived at src, 0, Elevator call,295.7943357,0,1,2,0
296.0, elevID,0,  pos,0,  cmd, goto,1
305.0,Elevator call,304.9984388,6,0,1,2, got allocated to elevator, 2
305.0, elevID,2,  pos,9,  cmd, goto,6
307.0,Elev,0,  arrived at dest, 1, this call is done!, Elevator call,295.7943357,0,1,3,0, Done, dt, 11.205664300000024
310.0,Elevator call,309.3005383,0,-1,1,1, got allocated to elevator, 1
310.0, elevID,1,  pos,4,  cmd, goto,0
312.0,Elev,2,  arrived at src, 6, Elevator call,304.9984388,6,0,2,2
312.0, elevID,2,  pos,6,  cmd, goto,0
313.0,Elevator call,312.3018556,0,-1,1,1, got allocated to elevator, 1
317.0,Elevator call,316.0323783,0,-1,1,2, got allocated to elevator, 2
319.0,Elev,2,  arrived at dest, 0, this call is done!, Elevator call,304.9984388,6,0,3,2, Done, dt, 14.001561200000026
319.0,Elev,2,  arrived at src, 0, Elevator call,316.0323783,0,-1,2,2
319.0, elevID,2,  pos,0,  cmd, goto,-1
320.0,Elevator call,319.905202,6,5,1,3, got allocated to elevator, 3
320.0, elevID,3,  pos,0,  cmd, goto,6
321.0,Elevator call,320.9760749,-1,0,1,1, got allocated to elevator, 1
322.0,Elevator call,321.370409,7,-1,1,2, got allocated to elevator, 2
322.0,Elev,1,  arrived at src, 0, Elevator call,309.3005383,0,-1,2,1
322.0,Elev,1,  arrived at src, 0, Elevator call,312.3018556,0,-1,2,1
322.0, elevID,1,  pos,0,  cmd, goto,-1
326.0,Elev,2,  arrived at dest, -1, this call is done!, Elevator call,316.0323783,0,-1,3,2, Done, dt, 9.967621699999995
326.0, elevID,2,  pos,-1,  cmd, goto,7
330.0,Elev,3,  arrived at src, 6, Elevator call,319.905202,6,5,2,3
330.0, elevID,3,  pos,6,  cmd, goto,5
333.0,Elevator call,332.4267319,0,10,1,2, got allocated to elevator, 2
333.0,Elev,1,  arrived at dest, -1, this call is done!, Elevator call,309.3005383,0,-1,3,1, Done, dt, 23.699461699999972
333.0,Elev,1,  arrived at dest, -1, this call is done!, Elevator call,312.3018556,0,-1,3,1, Done, dt, 20.69814439999999
333.0,Elev,1,  arrived at src, -1, Elevator call,320.9760749,-1,0,2,1
333.0, elevID,1,  pos,-1,  cmd, goto,0
334.0,Elev,2,  arrived at src, 7, Elevator call,321.370409,7,-1,2,2
334.0, elevID,2,  pos,7,  cmd, goto,0
337.0,Elevator call,336.9304305,-1,0,1,4, got allocated to elevator, 4
337.0, elevID,4,  pos,-2,  cmd, goto,-1
339.0,Elev,3,  arrived at dest, 5, this call is done!, Elevator call,319.905202,6,5,3,3, Done, dt, 19.094798000000026
342.0,Elev,2,  arrived at src, 0, Elevator call,332.4267319,0,10,2,2
342.0, elevID,2,  pos,0,  cmd, goto,-1
344.0,Elev,1,  arrived at dest, 0, this call is done!, Elevator call,320.9760749,-1,0,3,1, Done, dt, 23.023925099999985
348.0,Elev,4,  arrived at src, -1, Elevator call,336.9304305,-1,0,2,4
348.0, elevID,4,  pos,-1,  cmd, goto,0
349.0,Elev,2,  arrived at dest, -1, this call is done!, Elevator call,321.370409,7,-1,3,2, Done, dt, 27.629591000000005
349.0, elevID,2,  pos,-1,  cmd, goto,10
357.0,Elev,2,  arrived at dest, 10, this call is done!, Elevator call,332.4267319,0,10,3,2, Done, dt, 24.573268100000007
359.0,Elev,4,  arrived at dest, 0, this call is done!, Elevator call,336.9304305,-1,0,3,4, Done, dt, 22.0695695
376.0,Elevator call,375.490481,1,0,1,0, got allocated to elevator, 0
376.0,Elev,0,  arrived at src, 1, Elevator call,375.490481,1,0,2,0
376.0, elevID,0,  pos,1,  cmd, goto,0
387.0,Elev,0,  arrived at dest, 0, this call is done!, Elevator call,375.490481,1,0,3,0, Done, dt, 11.509519000000012
393.0,Elevator call,392.5160765,0,5,1,4, got allocated to elevator, 4
393.0,Elev,4,  arrived at src, 0, Elevator call,392.5160765,0,5,2,4
393.0, elevID,4,  pos,0,  cmd, goto,5
406.0,Elevator call,405.1821141,-1,10,1,3, got allocated to elevator, 3
406.0, elevID,3,  pos,5,  cmd, goto,-1
406.0,Elev,4,  arrived at dest, 5, this call is done!, Elevator call,392.5160765,0,5,3,4, Done, dt, 13.483923500000003
416.0,Elev,3,  arrived at src, -1, Elevator call,405.1821141,-1,10,2,3
416.0, elevID,3,  pos,-1,  cmd, goto,10
427.0,Elevator call,426.8615805,2,0,1,1, got allocated to elevator, 1
427.0, elevID,1,  pos,0,  cmd, goto,2
427.0,Elev,3,  arrived at dest, 10, this call is done!, Elevator call,405.1821141,-1,10,3,3, Done, dt, 21.81788590000002
438.0,Elevator call,437.1711158,1,0,1,0, got allocated to elevator, 0
438.0, elevID,0,  pos,0,  cmd, goto,1
438.0,Elev,1,  arrived at src, 2, Elevator call,426.8615805,2,0,2,1
438.0, elevID,1,  pos,2,  cmd, goto,0
449.0,Elev,0,  arrived at src, 1, Elevator call,437.1711158,1,0,2,0
449.0, elevID,0,  pos,1,  cmd, goto,0
449.0,Elev,1,  arrived at dest, 0, this call is done!, Elevator call,426.8615805,2,0,3,1, Done, dt, 22.138419499999998
460.0,Elev,0,  arrived at dest, 0, this call is done!, Elevator call,437.1711158,1,0,3,0, Done, dt, 22.828884200000005
473.0,Elevator call,472.7445474,10,-1,1,2, got allocated to elevator, 2
473.0,Elev,2,  arrived at src, 10, Elevator call,472.7445474,10,-1,2,2
473.0, elevID,2,  pos,10,  cmd, goto,-1
481.0,Elev,2,  arrived at dest, -1, this call is done!, Elevator call,472.7445474,10,-1,3,2, Done, dt, 8.255452600000012
501.0,Elevator call,500.3712045,8,-1,1,3, got allocated to elevator, 3
501.0, elevID,3,  pos,10,  cmd, goto,8
504.0,Elevator call,503.1384784,1,-1,1,1, got allocated to elevator, 1
504.0, elevID,1,  pos,0,  cmd, goto,1
505.0,Elevator call,504.4317942,0,-1,1,0, got allocated to elevator, 0
505.0,Elev,0,  arrived at src, 0, Elevator call,504.4317942,0,-1,2,0
505.0, elevID,0,  pos,0,  cmd, goto,-1
510.0,Elev,3,  arrived at src, 8, Elevator call,500.3712045,8,-1,2,3
510.0, elevID,3,  pos,8,  cmd, goto,-1
515.0,Elev,1,  arrived at src, 1, Elevator call,503.1384784,1,-1,2,1
515.0, elevID,1,  pos,1,  cmd, goto,-1
516.0,Elev,0,  arrived at dest, -1, this call is done!, Elevator call,504.4317942,0,-1,3,0, Done, dt, 11.568205799999987
520.0,Elev,3,  arrived at dest, -1, this call is done!, Elevator call,500.3712045,8,-1,3,3, Done, dt, 19.628795500000024
526.0,Elev,1,  arrived at dest, -1, this call is done!, Elevator call,503.1384784,1,-1,3,1, Done, dt, 22.861521600000003
530.0,Elevator call,529.6277472,3,-1,1,2, got allocated to elevator, 2
530.0, elevID,2,  pos,-1,  cmd, goto,3
537.0,Elev,2,  arrived at src, 3, Elevator call,529.6277472,3,-1,2,2
537.0, elevID,2,  pos,3,  cmd, goto,-1
538.0,Elevator call,537.7866884,-1,6,1,3, got allocated to elevator, 3
538.0,Elev,3,  arrived at src, -1, Elevator call,537.7866884,-1,6,2,3
538.0, elevID,3,  pos,-1,  cmd, goto,6
544.0,Elev,2,  arrived at dest, -1, this call is done!, Elevator call,529.6277472,3,-1,3,2, Done, dt, 14.372252799999956
545.0,Elevator call,544.7880392,6,-1,1,4, got allocated to elevator, 4
545.0, elevID,4,  pos,5,  cmd, goto,6
548.0,Elev,3,  arrived at dest, 6, this call is done!, Elevator call,537.7866884,-1,6,3,3, Done, dt, 10.213311599999997
555.0,Elevator call,554.0892923,4,0,1,2, got allocated to elevator, 2
555.0, elevID,2,  pos,-1,  cmd, goto,4
556.0,Elev,4,  arrived at src, 6, Elevator call,544.7880392,6,-1,2,4
556.0, elevID,4,  pos,6,  cmd, goto,-1
558.0,Elevator call,557.244139,10,0,1,3, got allocated to elevator, 3
558.0, elevID,3,  pos,6,  cmd, goto,10
562.0,Elev,2,  arrived at src, 4, Elevator call,554.0892923,4,0,2,2
562.0, elevID,2,  pos,4,  cmd, goto,0
566.0,Elevator call,565.0195522,0,-1,1,4, got allocated to elevator, 4
567.0,Elev,3,  arrived at src, 10, Elevator call,557.244139,10,0,2,3
567.0, elevID,3,  pos,10,  cmd, goto,0
569.0,Elev,2,  arrived at dest, 0, this call is done!, Elevator call,554.0892923,4,0,3,2, Done, dt, 14.910707699999989
570.0,Elev,4,  arrived at dest, -1, this call is done!, Elevator call,544.7880392,6,-1,3,4, Done, dt, 25.211960800000043
570.0, elevID,4,  pos,-1,  cmd, goto,0
577.0,Elev,3,  arrived at dest, 0, this call is done!, Elevator call,557.244139,10,0,3,3, Done, dt, 19.75586099999998
581.0,Elev,4,  arrived at src, 0, Elevator call,565.0195522,0,-1,2,4
581.0, elevID,4,  pos,0,  cmd, goto,-1
582.0,Elevator call,581.870309,0,3,1,1, got allocated to elevator, 1
582.0, elevID,1,  pos,-1,  cmd, goto,0
592.0,Elev,4,  arrived at dest, -1, this call is done!, Elevator call,565.0195522,0,-1,3,4, Done, dt, 26.98044779999998
593.0,Elev,1,  arrived at src, 0, Elevator call,581.870309,0,3,2,1
593.0, elevID,1,  pos,0,  cmd, goto,3
597.0,Elevator call,596.1232023,8,0,1,2, got allocated to elevator, 2
597.0, elevID,2,  pos,0,  cmd, goto,8
601.0,Elevator call,600.931288,1,0,1,4, got allocated to elevator, 4
601.0, elevID,4,  pos,-1,  cmd, goto,1
604.0,Elevator call,603.9342327,7,0,1,2, got allocated to elevator, 2
605.0,Elev,1,  arrived at dest, 3, this call is done!, Elevator call,581.870309,0,3,3,1, Done, dt, 23.12969099999998
605.0,Elev,2,  arrived at src, 8, Elevator call,596.1232023,8,0,2,2
605.0, elevID,2,  pos,8,  cmd, goto,7
612.0,Elev,2,  arrived at src, 7, Elevator call,603.9342327,7,0,2,2
612.0, elevID,2,  pos,7,  cmd, goto,0
612.0,Elev,4,  arrived at src, 1, Elevator call,600.931288,1,0,2,4
612.0, elevID,4,  pos,1,  cmd, goto,0
618.0,Elevator call,617.9628339,0,3,1,3, got allocated to elevator, 3
618.0,Elev,3,  arrived at src, 0, Elevator call,617.9628339,0,3,2,3
618.0, elevID,3,  pos,0,  cmd, goto,3
620.0,Elevator call,619.6454197,9,0,1,2, got allocated to elevator, 2
620.0,Elev,2,  arrived at dest, 0, this call is done!, Elevator call,596.1232023,8,0,3,2, Done, dt, 23.876797699999997
620.0,Elev,2,  arrived at dest, 0, this call is done!, Elevator call,603.9342327,7,0,3,2, Done, dt, 16.065767299999948
620.0, elevID,2,  pos,0,  cmd, goto,9
623.0,Elev,4,  arrived at dest, 0, this call is done!, Elevator call,600.931288,1,0,3,4, Done, dt, 22.068712000000005
627.0,Elevator call,626.2116172,0,1,1,0, got allocated to elevator, 0
627.0, elevID,0,  pos,-1,  cmd, goto,0
627.0,Elev,3,  arrived at dest, 3, this call is done!, Elevator call,617.9628339,0,3,3,3, Done, dt, 9.037166100000036
628.0,Elev,2,  arrived at src, 9, Elevator call,619.6454197,9,0,2,2
628.0, elevID,2,  pos,9,  cmd, goto,0
636.0,Elev,2,  arrived at dest, 0, this call is done!, Elevator call,619.6454197,9,0,3,2, Done, dt, 16.354580299999952
638.0,Elev,0,  arrived at src, 0, Elevator call,626.2116172,0,1,2,0
638.0, elevID,0,  pos,0,  cmd, goto,1
644.0,Elevator call,643.8547515,-1,2,1,4, got allocated to elevator, 4
644.0, elevID,4,  pos,0,  cmd, goto,-1
649.0,Elev,0,  arrived at dest, 1, this call is done!, Elevator call,626.2116172,0,1,3,0, Done, dt, 22.788382800000022
655.0,Elev,4,  arrived at src, -1, Elevator call,643.8547515,-1,2,2,4
655.0, elevID,4,  pos,-1,  cmd, goto,2
661.0,Elevator call,660.0732908,6,10,1,3, got allocated to elevator, 3
661.0, elevID,3,  pos,3,  cmd, goto,6
662.0,Elevator call,661.042082,-1,3,1,2, got allocated to elevator, 2
662.0, elevID,2,  pos,0,  cmd, goto,-1
663.0,Elevator call,662.1730528,-1,5,1,1, got allocated to elevator, 1
663.0, elevID,1,  pos,3,  cmd, goto,-1
666.0,Elevator call,665.1155549,-1,8,1,2, got allocated to elevator, 2
667.0,Elevator call,666.0340295,4,0,1,1, got allocated to elevator, 1
667.0,Elevator call,666.2411587,5,-1,1,3, got allocated to elevator, 3
667.0,Elev,4,  arrived at dest, 2, this call is done!, Elevator call,643.8547515,-1,2,3,4, Done, dt, 23.14524849999998
669.0,Elev,2,  arrived at src, -1, Elevator call,661.042082,-1,3,2,2
669.0,Elev,2,  arrived at src, -1, Elevator call,665.1155549,-1,8,2,2
669.0, elevID,2,  pos,-1,  cmd, goto,3
670.0,Elev,3,  arrived at src, 6, Elevator call,660.0732908,6,10,2,3
670.0, elevID,3,  pos,6,  cmd, goto,10
673.0,Elevator call,672.6773142,0,-1,1,0, got allocated to elevator, 0
673.0, elevID,0,  pos,1,  cmd, goto,0
675.0,Elev,1,  arrived at src, -1, Elevator call,662.1730528,-1,5,2,1
675.0, elevID,1,  pos,-1,  cmd, goto,4
676.0,Elev,2,  arrived at dest, 3, this call is done!, Elevator call,661.042082,-1,3,3,2, Done, dt, 14.95791799999995
676.0, elevID,2,  pos,3,  cmd, goto,8
678.0,Elevator call,677.7341948,0,-1,1,0, got allocated to elevator, 0
679.0,Elevator call,678.9953585,-1,-2,1,0, got allocated to elevator, 0
679.0,Elev,3,  arrived at dest, 10, this call is done!, Elevator call,660.0732908,6,10,3,3, Done, dt, 18.926709200000005
679.0, elevID,3,  pos,10,  cmd, goto,5
683.0,Elev,2,  arrived at dest, 8, this call is done!, Elevator call,665.1155549,-1,8,3,2, Done, dt, 17.884445099999994
684.0,Elev,0,  arrived at src, 0, Elevator call,672.6773142,0,-1,2,0
684.0,Elev,0,  arrived at src, 0, Elevator call,677.7341948,0,-1,2,0
684.0, elevID,0,  pos,0,  cmd, goto,-1
688.0,Elev,1,  arrived at src, 4, Elevator call,666.0340295,4,0,2,1
688.0, elevID,1,  pos,4,  cmd, goto,5
689.0,Elev,3,  arrived at src, 5, Elevator call,666.2411587,5,-1,2,3
689.0, elevID,3,  pos,5,  cmd, goto,-1
695.0,Elev,0,  arrived at dest, -1, this call is done!, Elevator call,672.6773142,0,-1,3,0, Done, dt, 22.322685800000045
695.0,Elev,0,  arrived at dest, -1, this call is done!, Elevator call,677.7341948,0,-1,3,0, Done, dt, 17.265805200000045
695.0,Elev,0,  arrived at src, -1, Elevator call,678.9953585,-1,-2,2,0
695.0, elevID,0,  pos,-1,  cmd, goto,-2
696.0,Elevator call,695.2239882,0,10,1,3, got allocated to elevator, 3
699.0,Elev,1,  arrived at dest, 5, this call is done!, Elevator call,662.1730528,-1,5,3,1, Done, dt, 36.82694719999995
699.0, elevID,1,  pos,5,  cmd, goto,0
699.0,Elev,3,  arrived at dest, -1, this call is done!, Elevator call,666.2411587,5,-1,3,3, Done, dt, 32.75884129999997
699.0, elevID,3,  pos,-1,  cmd, goto,0
706.0,Elev,0,  arrived at dest, -2, this call is done!, Elevator call,678.9953585,-1,-2,3,0, Done, dt, 27.004641500000048
707.0,Elevator call,706.1583475,-1,-2,1,1, got allocated to elevator, 1
708.0,Elev,3,  arrived at src, 0, Elevator call,695.2239882,0,10,2,3
708.0, elevID,3,  pos,0,  cmd, goto,10
711.0,Elevator call,710.324977,0,1,1,4, got allocated to elevator, 4
711.0, elevID,4,  pos,2,  cmd, goto,0
712.0,Elev,1,  arrived at dest, 0, this call is done!, Elevator call,666.0340295,4,0,3,1, Done, dt, 45.965970500000026
712.0, elevID,1,  pos,0,  cmd, goto,-1
714.0,Elevator call,713.0191971,1,0,1,4, got allocated to elevator, 4
714.0,Elevator call,713.2499766,10,-1,1,2, got allocated to elevator, 2
714.0, elevID,2,  pos,8,  cmd, goto,10
, elevID,4,  pos,2,  cmd, stop,1
718.0,Elev,3,  arrived at dest, 10, this call is done!, Elevator call,695.2239882,0,10,3,3, Done, dt, 22.776011799999992
721.0,Elev,2,  arrived at src, 10, Elevator call,713.2499766,10,-1,2,2
721.0, elevID,2,  pos,10,  cmd, goto,-1
722.0,Elev,4,  arrived at src, 1, Elevator call,713.0191971,1,0,2,4
722.0, elevID,4,  pos,1,  cmd, goto,0
723.0,Elevator call,722.6161213,10,0,1,3, got allocated to elevator, 3
723.0,Elev,1,  arrived at src, -1, Elevator call,706.1583475,-1,-2,2,1
723.0, elevID,1,  pos,-1,  cmd, goto,-2
723.0,Elev,3,  arrived at src, 10, Elevator call,722.6161213,10,0,2,3
723.0, elevID,3,  pos,10,  cmd, goto,0
728.0,Elevator call,727.5146029,-1,0,1,1, got allocated to elevator, 1
, elevID,1,  pos,-1,  cmd, stop,-1
729.0,Elev,2,  arrived at dest, -1, this call is done!, Elevator call,713.2499766,10,-1,3,2, Done, dt, 15.750023400000032
733.0,Elevator call,732.9746341,6,-1,1,2, got allocated to elevator, 2
733.0,Elev,1,  arrived at src, -1, Elevator call,727.5146029,-1,0,2,1
733.0, elevID,1,  pos,-1,  cmd, goto,-2
733.0, elevID,2,  pos,-1,  cmd, goto,6
733.0,Elev,3,  arrived at dest, 0, this call is done!, Elevator call,722.6161213,10,0,3,3, Done, dt, 10.383878699999968
733.0,Elev,4,  arrived at src, 0, Elevator call,710.324977,0,1,2,4
733.0,Elev,4,  arrived at dest, 0, this call is done!, Elevator call,713.0191971,1,0,3,4, Done, dt, 19.980802899999958
733.0, elevID,4,  pos,0,  cmd, goto,1
738.0,Elevator call,737.3147202,1,0,1,4, got allocated to elevator, 4
741.0,Elev,2,  arrived at src, 6, Elevator call,732.9746341,6,-1,2,2
741.0, elevID,2,  pos,6,  cmd, goto,-1
744.0,Elev,1,  arrived at dest, -2, this call is done!, Elevator call,706.1583475,-1,-2,3,1, Done, dt, 37.84165250000001
744.0, elevID,1,  pos,-2,  cmd, goto,0
744.0,Elev,4,  arrived at dest, 1, this call is done!, Elevator call,710.324977,0,1,3,4, Done, dt, 33.67502300000001
744.0,Elev,4,  arrived at src, 1, Elevator call,737.3147202,1,0,2,4
744.0, elevID,4,  pos,1,  cmd, goto,0
749.0,Elev,2,  arrived at dest, -1, this call is done!, Elevator call,732.9746341,6,-1,3,2, Done, dt, 16.025365899999997
755.0,Elev,1,  arrived at dest, 0, this call is done!, Elevator call,727.5146029,-1,0,3,1, Done, dt, 27.4853971
755.0,Elev,4,  arrived at dest, 0, this call is done!, Elevator call,737.3147202,1,0,3,4, Done, dt, 17.68527979999999
780.0,Elevator call,779.3996914,-1,5,1,2, got allocated to elevator, 2
780.0,Elev,2,  arrived at src, -1, Elevator call,779.3996914,-1,5,2,2
780.0, elevID,2,  pos,-1,  cmd, goto,5
787.0,Elev,2,  arrived at dest, 5, this call is done!, Elevator call,779.3996914,-1,5,3,2, Done, dt, 7.6003085999999485
806.0,Elevator call,805.6754743,-1,-2,1,0, got allocated to elevator, 0
806.0, elevID,0,  pos,-2,  cmd, goto,-1
811.0,Elevator call,810.4469089,2,0,1,3, got allocated to elevator, 3
811.0, elevID,3,  pos,0,  cmd, goto,2
817.0,Elevator call,816.1516998,7,-1,1,2, got allocated to elevator, 2
817.0,Elev,0,  arrived at src, -1, Elevator call,805.6754743,-1,-2,2,0
817.0, elevID,0,  pos,-1,  cmd, goto,-2
817.0, elevID,2,  pos,5,  cmd, goto,7
820.0,Elev,3,  arrived at src, 2, Elevator call,810.4469089,2,0,2,3
820.0, elevID,3,  pos,2,  cmd, goto,0
824.0,Elev,2,  arrived at src, 7, Elevator call,816.1516998,7,-1,2,2
824.0, elevID,2,  pos,7,  cmd, goto,-1
826.0,Elevator call,825.4575185,7,0,1,3, got allocated to elevator, 3
828.0,Elev,0,  arrived at dest, -2, this call is done!, Elevator call,805.6754743,-1,-2,3,0, Done, dt, 22.32452569999998
829.0,Elev,3,  arrived at dest, 0, this call is done!, Elevator call,810.4469089,2,0,3,3, Done, dt, 18.55309109999996
829.0, elevID,3,  pos,0,  cmd, goto,7
832.0,Elev,2,  arrived at dest, -1, this call is done!, Elevator call,816.1516998,7,-1,3,2, Done, dt, 15.84830020000004
839.0,Elev,3,  arrived at src, 7, Elevator call,825.4575185,7,0,2,3
839.0, elevID,3,  pos,7,  cmd, goto,0
840.0,Elevator call,839.8525653,0,1,1,1, got allocated to elevator, 1
840.0,Elev,1,  arrived at src, 0, Elevator call,839.8525653,0,1,2,1
840.0, elevID,1,  pos,0,  cmd, goto,1
849.0,Elev,3,  arrived at dest, 0, this call is done!, Elevator call,825.4575185,7,0,3,3, Done, dt, 23.542481500000008
851.0,Elev,1,  arrived at dest, 1, this call is done!, Elevator call,839.8525653,0,1,3,1, Done, dt, 11.147434699999963
855.0,Elevator call,854.2002278,6,-1,1,2, got allocated to elevator, 2
855.0, elevID,2,  pos,-1,  cmd, goto,6
863.0,Elev,2,  arrived at src, 6, Elevator call,854.2002278,6,-1,2,2
863.0, elevID,2,  pos,6,  cmd, goto,-1
864.0,Elevator call,863.8932913,0,-1,1,4, got allocated to elevator, 4
864.0,Elev,4,  arrived at src, 0, Elevator call,863.8932913,0,-1,2,4
864.0, elevID,4,  pos,0,  cmd, goto,-1
871.0,Elevator call,870.5053024,0,7,1,3, got allocated to elevator, 3
871.0,Elev,2,  arrived at dest, -1, this call is done!, Elevator call,854.2002278,6,-1,3,2, Done, dt, 16.799772200000007
871.0,Elev,3,  arrived at src, 0, Elevator call,870.5053024,0,7,2,3
871.0, elevID,3,  pos,0,  cmd, goto,7
875.0,Elev,4,  arrived at dest, -1, this call is done!, Elevator call,863.8932913,0,-1,3,4, Done, dt, 11.106708700000013
881.0,Elev,3,  arrived at dest, 7, this call is done!, Elevator call,870.5053024,0,7,3,3, Done, dt, 10.494697599999995
887.0,Elevator call,886.5649993,-1,-2,1,0, got allocated to elevator, 0
887.0, elevID,0,  pos,-2,  cmd, goto,-1
893.0,Elevator call,892.5212151,9,-1,1,2, got allocated to elevator, 2
893.0, elevID,2,  pos,-1,  cmd, goto,9
898.0,Elev,0,  arrived at src, -1, Elevator call,886.5649993,-1,-2,2,0
898.0, elevID,0,  pos,-1,  cmd, goto,-2
901.0,Elev,2,  arrived at src, 9, Elevator call,892.5212151,9,-1,2,2
901.0, elevID,2,  pos,9,  cmd, goto,-1
909.0,Elev,0,  arrived at dest, -2, this call is done!, Elevator call,886.5649993,-1,-2,3,0, Done, dt, 22.435000700000046
909.0,Elev,2,  arrived at dest, -1, this call is done!, Elevator call,892.5212151,9,-1,3,2, Done, dt, 16.47878490000005
911.0,Elevator call,910.5388559,6,5,1,1, got allocated to elevator, 1
911.0, elevID,1,  pos,1,  cmd, goto,6
916.0,Elevator call,915.9490575,4,-1,1,1, got allocated to elevator, 1
916.0, elevID,1,  pos,1,  cmd, stop,4
923.0,Elev,1,  arrived at src, 4, Elevator call,915.9490575,4,-1,2,1
923.0, elevID,1,  pos,4,  cmd, goto,6
934.0,Elevator call,933.8580452,7,5,1,3, got allocated to elevator, 3
934.0,Elev,1,  arrived at src, 6, Elevator call,910.5388559,6,5,2,1
934.0, elevID,1,  pos,6,  cmd, goto,5
934.0,Elev,3,  arrived at src, 7, Elevator call,933.8580452,7,5,2,3
934.0, elevID,3,  pos,7,  cmd, goto,5
943.0,Elev,3,  arrived at dest, 5, this call is done!, Elevator call,933.8580452,7,5,3,3, Done, dt, 9.141954800000008
945.0,Elev,1,  arrived at dest, 5, this call is done!, Elevator call,910.5388559,6,5,3,1, Done, dt, 34.461144099999956
945.0, elevID,1,  pos,5,  cmd, goto,-1
958.0,Elev,1,  arrived at dest, -1, this call is done!, Elevator call,915.9490575,4,-1,3,1, Done, dt, 42.05094250000002
962.0,Elevator call,961.6862856,6,-1,1,2, got allocated to elevator, 2
962.0, elevID,2,  pos,-1,  cmd, goto,6
970.0,Elev,2,  arrived at src, 6, Elevator call,961.6862856,6,-1,2,2
970.0, elevID,2,  pos,6,  cmd, goto,-1
973.0,Elevator call,972.8032126,1,0,1,4, got allocated to elevator, 4
973.0, elevID,4,  pos,-1,  cmd, goto,1
976.0,Elevator call,975.8361203,0,-1,1,4, got allocated to elevator, 4
976.0, elevID,4,  pos,-1,  cmd, stop,0
978.0,Elev,2,  arrived at dest, -1, this call is done!, Elevator call,961.6862856,6,-1,3,2, Done, dt, 16.31371439999998
979.0,Elevator call,978.5925149,10,0,1,3, got allocated to elevator, 3
979.0,Elevator call,978.6210501,10,-1,1,2, got allocated to elevator, 2
979.0, elevID,2,  pos,-1,  cmd, goto,10
979.0, elevID,3,  pos,5,  cmd, goto,10
984.0,Elev,4,  arrived at src, 0, Elevator call,975.8361203,0,-1,2,4
984.0, elevID,4,  pos,0,  cmd, goto,1
985.0,Elevator call,984.1840186,7,0,1,2, got allocated to elevator, 2
987.0,Elev,2,  arrived at src, 10, Elevator call,978.6210501,10,-1,2,2
987.0, elevID,2,  pos,10,  cmd, goto,7
989.0,Elev,3,  arrived at src, 10, Elevator call,978.5925149,10,0,2,3
989.0, elevID,3,  pos,10,  cmd, goto,0
994.0,Elev,2,  arrived at src, 7, Elevator call,984.1840186,7,0,2,2
994.0, elevID,2,  pos,7,  cmd, goto,0
995.0,Elev,4,  arrived at src, 1, Elevator call,972.8032126,1,0,2,4
995.0, elevID,4,  pos,1,  cmd, goto,0
999.0,Elev,3,  arrived at dest, 0, this call is done!, Elevator call,978.5925149,10,0,3,3, Done, dt, 20.40748510000003
1002.0,Elev,2,  arrived at dest, 0, this call is done!, Elevator call,984.1840186,7,0,3,2, Done, dt, 17.815981400000055
1002.0, elevID,2,  pos,0,  cmd, goto,-1
1006.0,Elev,4,  arrived at dest, 0, this call is done!, Elevator call,972.8032126,1,0,3,4, Done, dt, 33.19678739999995
1006.0, elevID,4,  pos,0,  cmd, goto,-1
1009.0,Elev,2,  arrived at dest, -1, this call is done!, Elevator call,978.6210501,10,-1,3,2, Done, dt, 30.378949899999952
1017.0,Elev,4,  arrived at dest, -1, this call is done!, Elevator call,975.8361203,0,-1,3,4, Done, dt, 41.16387970000005
1018.0,************* Simulation Ended ************
Code Owners,213101637,203464870,  Building_file,B4.json,  Calls,Calls_a4.csv
Total waiting time: 1968.0,  average waiting time per call: 19.68,  unCompleted calls,0,  certificate, -74929984
