Ex1 (OOP) Simulator log: stage B2.json,  Calls_a2.csv
0.0,OOP_Ex1_Elevator_Simulator
0.0,Simulated Building, Building [-2,10]
0) ex1.Elevator_A, Elev_, id,0,  speed, 1.0, open: 2.0,  start: 3.0, close: 2.0,  stop: 3.0
1) ex1.Elevator_A, Elev_, id,1,  speed, 2.0, open: 2.0,  start: 3.0, close: 2.0,  stop: 3.0

0.0,Simulated Period starTime,0.0,  endTime,1104.1840186,  dt,1.0
0.0,Simulated  calls,Elevator log, size: 100
0.0,**** Simulation starts!! ****
5.0,Elevator call,4.37472729,0,-1,1,1, got allocated to elevator, 1
5.0,Elev,1,  arrived at src, 0, Elevator call,4.37472729,0,-1,2,1
5.0, elevID,1,  pos,0,  cmd, goto,-1
16.0,Elev,1,  arrived at dest, -1, this call is done!, Elevator call,4.37472729,0,-1,3,1, Done, dt, 11.62527271
17.0,Elevator call,16.95788289,-1,0,1,0, got allocated to elevator, 0
17.0, elevID,0,  pos,0,  cmd, goto,-1
23.0,Elevator call,22.0940563,0,-1,1,1, got allocated to elevator, 1
23.0, elevID,1,  pos,-1,  cmd, goto,0
28.0,Elev,0,  arrived at src, -1, Elevator call,16.95788289,-1,0,2,0
28.0, elevID,0,  pos,-1,  cmd, goto,0
34.0,Elev,1,  arrived at src, 0, Elevator call,22.0940563,0,-1,2,1
34.0, elevID,1,  pos,0,  cmd, goto,-1
39.0,Elev,0,  arrived at dest, 0, this call is done!, Elevator call,16.95788289,-1,0,3,0, Done, dt, 22.04211711
45.0,Elev,1,  arrived at dest, -1, this call is done!, Elevator call,22.0940563,0,-1,3,1, Done, dt, 22.9059437
86.0,Elevator call,85.52096662,3,2,1,1, got allocated to elevator, 1
86.0, elevID,1,  pos,-1,  cmd, goto,3
92.0,Elevator call,91.21019413,-1,-2,1,0, got allocated to elevator, 0
92.0, elevID,0,  pos,0,  cmd, goto,-1
98.0,Elev,1,  arrived at src, 3, Elevator call,85.52096662,3,2,2,1
98.0, elevID,1,  pos,3,  cmd, goto,2
103.0,Elev,0,  arrived at src, -1, Elevator call,91.21019413,-1,-2,2,0
103.0, elevID,0,  pos,-1,  cmd, goto,-2
105.0,Elevator call,104.1370124,0,4,1,1, got allocated to elevator, 1
109.0,Elev,1,  arrived at dest, 2, this call is done!, Elevator call,85.52096662,3,2,3,1, Done, dt, 23.479033380000004
109.0, elevID,1,  pos,2,  cmd, goto,0
110.0,Elevator call,109.2135291,-1,0,1,0, got allocated to elevator, 0
114.0,Elev,0,  arrived at dest, -2, this call is done!, Elevator call,91.21019413,-1,-2,3,0, Done, dt, 22.789805869999995
114.0, elevID,0,  pos,-2,  cmd, goto,-1
115.0,Elevator call,114.392351,3,0,1,1, got allocated to elevator, 1
120.0,Elev,1,  arrived at src, 0, Elevator call,104.1370124,0,4,2,1
120.0, elevID,1,  pos,0,  cmd, goto,3
125.0,Elevator call,124.425571,0,9,1,1, got allocated to elevator, 1
125.0,Elev,0,  arrived at src, -1, Elevator call,109.2135291,-1,0,2,0
125.0, elevID,0,  pos,-1,  cmd, goto,0
125.0, elevID,1,  pos,0,  cmd, stop,0
130.0,Elev,1,  arrived at src, 0, Elevator call,124.425571,0,9,2,1
130.0, elevID,1,  pos,0,  cmd, goto,3
131.0,Elevator call,130.0249568,8,10,1,1, got allocated to elevator, 1
131.0,Elevator call,130.2249113,-1,1,1,0, got allocated to elevator, 0
136.0,Elev,0,  arrived at dest, 0, this call is done!, Elevator call,109.2135291,-1,0,3,0, Done, dt, 26.786470899999998
136.0, elevID,0,  pos,0,  cmd, goto,-1
138.0,Elevator call,137.9515274,0,4,1,0, got allocated to elevator, 0
, elevID,0,  pos,0,  cmd, stop,0
142.0,Elev,1,  arrived at src, 3, Elevator call,114.392351,3,0,2,1
142.0, elevID,1,  pos,3,  cmd, goto,4
144.0,Elevator call,143.9133584,0,6,1,0, got allocated to elevator, 0
146.0,Elev,0,  arrived at src, 0, Elevator call,137.9515274,0,4,2,0
146.0,Elev,0,  arrived at src, 0, Elevator call,143.9133584,0,6,2,0
146.0, elevID,0,  pos,0,  cmd, goto,-1
153.0,Elev,1,  arrived at dest, 4, this call is done!, Elevator call,104.1370124,0,4,3,1, Done, dt, 48.8629876
153.0, elevID,1,  pos,4,  cmd, goto,8
157.0,Elev,0,  arrived at src, -1, Elevator call,130.2249113,-1,1,2,0
157.0, elevID,0,  pos,-1,  cmd, goto,1
165.0,Elev,1,  arrived at src, 8, Elevator call,130.0249568,8,10,2,1
165.0, elevID,1,  pos,8,  cmd, goto,9
169.0,Elev,0,  arrived at dest, 1, this call is done!, Elevator call,130.2249113,-1,1,3,0, Done, dt, 38.7750887
169.0, elevID,0,  pos,1,  cmd, goto,4
170.0,Elevator call,169.7845834,-1,0,1,1, got allocated to elevator, 1
171.0,Elevator call,170.0099621,0,6,1,1, got allocated to elevator, 1
172.0,Elevator call,171.2117332,-1,8,1,1, got allocated to elevator, 1
175.0,Elevator call,174.8438515,0,-1,1,0, got allocated to elevator, 0
176.0,Elev,1,  arrived at dest, 9, this call is done!, Elevator call,124.425571,0,9,3,1, Done, dt, 51.574428999999995
176.0, elevID,1,  pos,9,  cmd, goto,10
182.0,Elev,0,  arrived at dest, 4, this call is done!, Elevator call,137.9515274,0,4,3,0, Done, dt, 44.0484726
182.0, elevID,0,  pos,4,  cmd, goto,6
187.0,Elev,1,  arrived at dest, 10, this call is done!, Elevator call,130.0249568,8,10,3,1, Done, dt, 56.97504319999999
187.0, elevID,1,  pos,10,  cmd, goto,0
188.0,Elevator call,187.1167862,-1,-2,1,0, got allocated to elevator, 0
188.0,Elevator call,187.7299318,-1,-2,1,0, got allocated to elevator, 0
194.0,Elev,0,  arrived at dest, 6, this call is done!, Elevator call,143.9133584,0,6,3,0, Done, dt, 50.08664160000001
194.0, elevID,0,  pos,6,  cmd, goto,0
196.0,Elevator call,195.9086965,0,7,1,1, got allocated to elevator, 1
198.0,Elevator call,197.5359191,-1,1,1,0, got allocated to elevator, 0
202.0,Elev,1,  arrived at dest, 0, this call is done!, Elevator call,114.392351,3,0,3,1, Done, dt, 87.607649
202.0,Elev,1,  arrived at src, 0, Elevator call,170.0099621,0,6,2,1
202.0,Elev,1,  arrived at src, 0, Elevator call,195.9086965,0,7,2,1
202.0, elevID,1,  pos,0,  cmd, goto,-1
206.0,Elevator call,205.9895199,-1,0,1,0, got allocated to elevator, 0
210.0,Elev,0,  arrived at src, 0, Elevator call,174.8438515,0,-1,2,0
210.0, elevID,0,  pos,0,  cmd, goto,-1
213.0,Elev,1,  arrived at src, -1, Elevator call,169.7845834,-1,0,2,1
213.0,Elev,1,  arrived at src, -1, Elevator call,171.2117332,-1,8,2,1
213.0, elevID,1,  pos,-1,  cmd, goto,0
221.0,Elev,0,  arrived at dest, -1, this call is done!, Elevator call,174.8438515,0,-1,3,0, Done, dt, 46.1561485
221.0,Elev,0,  arrived at src, -1, Elevator call,187.1167862,-1,-2,2,0
221.0,Elev,0,  arrived at src, -1, Elevator call,187.7299318,-1,-2,2,0
221.0,Elev,0,  arrived at src, -1, Elevator call,197.5359191,-1,1,2,0
221.0,Elev,0,  arrived at src, -1, Elevator call,205.9895199,-1,0,2,0
221.0, elevID,0,  pos,-1,  cmd, goto,-2
224.0,Elev,1,  arrived at dest, 0, this call is done!, Elevator call,169.7845834,-1,0,3,1, Done, dt, 54.2154166
224.0, elevID,1,  pos,0,  cmd, goto,6
228.0,Elevator call,227.0798305,-1,5,1,0, got allocated to elevator, 0
232.0,Elevator call,231.5157882,-1,0,1,1, got allocated to elevator, 1
232.0,Elev,0,  arrived at dest, -2, this call is done!, Elevator call,187.1167862,-1,-2,3,0, Done, dt, 44.88321379999999
232.0,Elev,0,  arrived at dest, -2, this call is done!, Elevator call,187.7299318,-1,-2,3,0, Done, dt, 44.2700682
232.0, elevID,0,  pos,-2,  cmd, goto,-1
233.0,Elevator call,232.9504362,0,-1,1,1, got allocated to elevator, 1
237.0,Elev,1,  arrived at dest, 6, this call is done!, Elevator call,170.0099621,0,6,3,1, Done, dt, 66.9900379
237.0, elevID,1,  pos,6,  cmd, goto,7
243.0,Elev,0,  arrived at src, -1, Elevator call,227.0798305,-1,5,2,0
243.0, elevID,0,  pos,-1,  cmd, goto,0
248.0,Elev,1,  arrived at dest, 7, this call is done!, Elevator call,195.9086965,0,7,3,1, Done, dt, 52.09130350000001
248.0, elevID,1,  pos,7,  cmd, goto,8
252.0,Elevator call,251.1044469,-1,-2,1,1, got allocated to elevator, 1
252.0,Elevator call,251.2359335,0,9,1,1, got allocated to elevator, 1
254.0,Elev,0,  arrived at dest, 0, this call is done!, Elevator call,205.9895199,-1,0,3,0, Done, dt, 48.010480099999995
254.0, elevID,0,  pos,0,  cmd, goto,1
255.0,Elevator call,254.6977153,3,4,1,0, got allocated to elevator, 0
258.0,Elevator call,257.7974435,-1,0,1,0, got allocated to elevator, 0
259.0,Elev,1,  arrived at dest, 8, this call is done!, Elevator call,171.2117332,-1,8,3,1, Done, dt, 87.7882668
259.0, elevID,1,  pos,8,  cmd, goto,0
265.0,Elev,0,  arrived at dest, 1, this call is done!, Elevator call,197.5359191,-1,1,3,0, Done, dt, 67.4640809
265.0, elevID,0,  pos,1,  cmd, goto,3
273.0,Elev,1,  arrived at src, 0, Elevator call,232.9504362,0,-1,2,1
273.0,Elev,1,  arrived at src, 0, Elevator call,251.2359335,0,9,2,1
273.0, elevID,1,  pos,0,  cmd, goto,-1
277.0,Elev,0,  arrived at src, 3, Elevator call,254.6977153,3,4,2,0
277.0, elevID,0,  pos,3,  cmd, goto,4
284.0,Elev,1,  arrived at src, -1, Elevator call,231.5157882,-1,0,2,1
284.0,Elev,1,  arrived at dest, -1, this call is done!, Elevator call,232.9504362,0,-1,3,1, Done, dt, 51.04956379999999
284.0,Elev,1,  arrived at src, -1, Elevator call,251.1044469,-1,-2,2,1
284.0, elevID,1,  pos,-1,  cmd, goto,-2
288.0,Elev,0,  arrived at dest, 4, this call is done!, Elevator call,254.6977153,3,4,3,0, Done, dt, 33.3022847
288.0, elevID,0,  pos,4,  cmd, goto,5
295.0,Elev,1,  arrived at dest, -2, this call is done!, Elevator call,251.1044469,-1,-2,3,1, Done, dt, 43.8955531
295.0, elevID,1,  pos,-2,  cmd, goto,0
296.0,Elevator call,295.7943357,0,1,1,0, got allocated to elevator, 0
299.0,Elev,0,  arrived at dest, 5, this call is done!, Elevator call,227.0798305,-1,5,3,0, Done, dt, 71.92016949999999
299.0, elevID,0,  pos,5,  cmd, goto,0
305.0,Elevator call,304.9984388,6,0,1,1, got allocated to elevator, 1
306.0,Elev,1,  arrived at dest, 0, this call is done!, Elevator call,231.5157882,-1,0,3,1, Done, dt, 74.4842118
306.0, elevID,1,  pos,0,  cmd, goto,6
310.0,Elevator call,309.3005383,0,-1,1,1, got allocated to elevator, 1
310.0, elevID,1,  pos,0,  cmd, stop,0
313.0,Elevator call,312.3018556,0,-1,1,0, got allocated to elevator, 0
314.0,Elev,0,  arrived at src, 0, Elevator call,295.7943357,0,1,2,0
314.0,Elev,0,  arrived at src, 0, Elevator call,312.3018556,0,-1,2,0
314.0, elevID,0,  pos,0,  cmd, goto,-1
316.0,Elev,1,  arrived at src, 0, Elevator call,309.3005383,0,-1,2,1
316.0, elevID,1,  pos,0,  cmd, goto,6
317.0,Elevator call,316.0323783,0,-1,1,1, got allocated to elevator, 1
317.0, elevID,1,  pos,0,  cmd, stop,0
320.0,Elevator call,319.905202,6,5,1,1, got allocated to elevator, 1
321.0,Elevator call,320.9760749,-1,0,1,0, got allocated to elevator, 0
322.0,Elevator call,321.370409,7,-1,1,1, got allocated to elevator, 1
325.0,Elev,0,  arrived at src, -1, Elevator call,257.7974435,-1,0,2,0
325.0,Elev,0,  arrived at dest, -1, this call is done!, Elevator call,312.3018556,0,-1,3,0, Done, dt, 12.69814439999999
325.0,Elev,0,  arrived at src, -1, Elevator call,320.9760749,-1,0,2,0
325.0, elevID,0,  pos,-1,  cmd, goto,0
326.0,Elev,1,  arrived at src, 0, Elevator call,316.0323783,0,-1,2,1
326.0, elevID,1,  pos,0,  cmd, goto,6
333.0,Elevator call,332.4267319,0,10,1,1, got allocated to elevator, 1
336.0,Elev,0,  arrived at dest, 0, this call is done!, Elevator call,257.7974435,-1,0,3,0, Done, dt, 78.20255650000001
336.0,Elev,0,  arrived at dest, 0, this call is done!, Elevator call,320.9760749,-1,0,3,0, Done, dt, 15.023925099999985
336.0, elevID,0,  pos,0,  cmd, goto,1
337.0,Elevator call,336.9304305,-1,0,1,0, got allocated to elevator, 0
339.0,Elev,1,  arrived at src, 6, Elevator call,304.9984388,6,0,2,1
339.0,Elev,1,  arrived at src, 6, Elevator call,319.905202,6,5,2,1
339.0, elevID,1,  pos,6,  cmd, goto,7
347.0,Elev,0,  arrived at dest, 1, this call is done!, Elevator call,295.7943357,0,1,3,0, Done, dt, 51.205664300000024
347.0, elevID,0,  pos,1,  cmd, goto,-1
350.0,Elev,1,  arrived at src, 7, Elevator call,321.370409,7,-1,2,1
350.0, elevID,1,  pos,7,  cmd, goto,9
359.0,Elev,0,  arrived at src, -1, Elevator call,336.9304305,-1,0,2,0
359.0, elevID,0,  pos,-1,  cmd, goto,0
361.0,Elev,1,  arrived at dest, 9, this call is done!, Elevator call,251.2359335,0,9,3,1, Done, dt, 109.76406650000001
361.0, elevID,1,  pos,9,  cmd, goto,5
370.0,Elev,0,  arrived at dest, 0, this call is done!, Elevator call,336.9304305,-1,0,3,0, Done, dt, 33.0695695
373.0,Elev,1,  arrived at dest, 5, this call is done!, Elevator call,319.905202,6,5,3,1, Done, dt, 53.094798000000026
373.0, elevID,1,  pos,5,  cmd, goto,0
376.0,Elevator call,375.490481,1,0,1,0, got allocated to elevator, 0
376.0, elevID,0,  pos,0,  cmd, goto,1
386.0,Elev,1,  arrived at dest, 0, this call is done!, Elevator call,304.9984388,6,0,3,1, Done, dt, 81.00156120000003
386.0,Elev,1,  arrived at src, 0, Elevator call,332.4267319,0,10,2,1
386.0, elevID,1,  pos,0,  cmd, goto,-1
387.0,Elev,0,  arrived at src, 1, Elevator call,375.490481,1,0,2,0
387.0, elevID,0,  pos,1,  cmd, goto,0
393.0,Elevator call,392.5160765,0,5,1,0, got allocated to elevator, 0
397.0,Elev,1,  arrived at dest, -1, this call is done!, Elevator call,309.3005383,0,-1,3,1, Done, dt, 87.69946169999997
397.0,Elev,1,  arrived at dest, -1, this call is done!, Elevator call,316.0323783,0,-1,3,1, Done, dt, 80.9676217
397.0,Elev,1,  arrived at dest, -1, this call is done!, Elevator call,321.370409,7,-1,3,1, Done, dt, 75.629591
397.0, elevID,1,  pos,-1,  cmd, goto,10
398.0,Elev,0,  arrived at dest, 0, this call is done!, Elevator call,375.490481,1,0,3,0, Done, dt, 22.50951900000001
398.0,Elev,0,  arrived at src, 0, Elevator call,392.5160765,0,5,2,0
398.0, elevID,0,  pos,0,  cmd, goto,5
406.0,Elevator call,405.1821141,-1,10,1,1, got allocated to elevator, 1
413.0,Elev,0,  arrived at dest, 5, this call is done!, Elevator call,392.5160765,0,5,3,0, Done, dt, 20.483923500000003
413.0,Elev,1,  arrived at dest, 10, this call is done!, Elevator call,332.4267319,0,10,3,1, Done, dt, 80.5732681
413.0, elevID,1,  pos,10,  cmd, goto,-1
427.0,Elevator call,426.8615805,2,0,1,0, got allocated to elevator, 0
427.0, elevID,0,  pos,5,  cmd, goto,2
429.0,Elev,1,  arrived at src, -1, Elevator call,405.1821141,-1,10,2,1
429.0, elevID,1,  pos,-1,  cmd, goto,10
438.0,Elevator call,437.1711158,1,0,1,0, got allocated to elevator, 0
440.0,Elev,0,  arrived at src, 2, Elevator call,426.8615805,2,0,2,0
440.0, elevID,0,  pos,2,  cmd, goto,1
445.0,Elev,1,  arrived at dest, 10, this call is done!, Elevator call,405.1821141,-1,10,3,1, Done, dt, 39.81788590000002
451.0,Elev,0,  arrived at src, 1, Elevator call,437.1711158,1,0,2,0
451.0, elevID,0,  pos,1,  cmd, goto,0
462.0,Elev,0,  arrived at dest, 0, this call is done!, Elevator call,426.8615805,2,0,3,0, Done, dt, 35.1384195
462.0,Elev,0,  arrived at dest, 0, this call is done!, Elevator call,437.1711158,1,0,3,0, Done, dt, 24.828884200000005
473.0,Elevator call,472.7445474,10,-1,1,1, got allocated to elevator, 1
473.0,Elev,1,  arrived at src, 10, Elevator call,472.7445474,10,-1,2,1
473.0, elevID,1,  pos,10,  cmd, goto,-1
489.0,Elev,1,  arrived at dest, -1, this call is done!, Elevator call,472.7445474,10,-1,3,1, Done, dt, 16.255452600000012
501.0,Elevator call,500.3712045,8,-1,1,1, got allocated to elevator, 1
501.0, elevID,1,  pos,-1,  cmd, goto,8
504.0,Elevator call,503.1384784,1,-1,1,0, got allocated to elevator, 0
504.0, elevID,0,  pos,0,  cmd, goto,1
505.0,Elevator call,504.4317942,0,-1,1,0, got allocated to elevator, 0
505.0, elevID,0,  pos,0,  cmd, stop,0
514.0,Elev,0,  arrived at src, 0, Elevator call,504.4317942,0,-1,2,0
514.0, elevID,0,  pos,0,  cmd, goto,1
516.0,Elev,1,  arrived at src, 8, Elevator call,500.3712045,8,-1,2,1
516.0, elevID,1,  pos,8,  cmd, goto,-1
525.0,Elev,0,  arrived at src, 1, Elevator call,503.1384784,1,-1,2,0
525.0, elevID,0,  pos,1,  cmd, goto,-1
530.0,Elevator call,529.6277472,3,-1,1,1, got allocated to elevator, 1
531.0,Elev,1,  arrived at dest, -1, this call is done!, Elevator call,500.3712045,8,-1,3,1, Done, dt, 30.628795500000024
531.0, elevID,1,  pos,-1,  cmd, goto,3
537.0,Elev,0,  arrived at dest, -1, this call is done!, Elevator call,503.1384784,1,-1,3,0, Done, dt, 33.8615216
537.0,Elev,0,  arrived at dest, -1, this call is done!, Elevator call,504.4317942,0,-1,3,0, Done, dt, 32.56820579999999
538.0,Elevator call,537.7866884,-1,6,1,1, got allocated to elevator, 1
543.0,Elev,1,  arrived at src, 3, Elevator call,529.6277472,3,-1,2,1
543.0, elevID,1,  pos,3,  cmd, goto,-1
545.0,Elevator call,544.7880392,6,-1,1,1, got allocated to elevator, 1
555.0,Elevator call,554.0892923,4,0,1,0, got allocated to elevator, 0
555.0, elevID,0,  pos,-1,  cmd, goto,4
555.0,Elev,1,  arrived at dest, -1, this call is done!, Elevator call,529.6277472,3,-1,3,1, Done, dt, 25.372252799999956
555.0,Elev,1,  arrived at src, -1, Elevator call,537.7866884,-1,6,2,1
555.0, elevID,1,  pos,-1,  cmd, goto,6
558.0,Elevator call,557.244139,10,0,1,1, got allocated to elevator, 1
566.0,Elevator call,565.0195522,0,-1,1,0, got allocated to elevator, 0
569.0,Elev,1,  arrived at dest, 6, this call is done!, Elevator call,537.7866884,-1,6,3,1, Done, dt, 31.213311599999997
569.0,Elev,1,  arrived at src, 6, Elevator call,544.7880392,6,-1,2,1
569.0, elevID,1,  pos,6,  cmd, goto,10
570.0,Elev,0,  arrived at src, 4, Elevator call,554.0892923,4,0,2,0
570.0, elevID,0,  pos,4,  cmd, goto,0
581.0,Elev,1,  arrived at src, 10, Elevator call,557.244139,10,0,2,1
581.0, elevID,1,  pos,10,  cmd, goto,0
582.0,Elevator call,581.870309,0,3,1,0, got allocated to elevator, 0
584.0,Elev,0,  arrived at dest, 0, this call is done!, Elevator call,554.0892923,4,0,3,0, Done, dt, 29.91070769999999
584.0,Elev,0,  arrived at src, 0, Elevator call,565.0195522,0,-1,2,0
584.0,Elev,0,  arrived at src, 0, Elevator call,581.870309,0,3,2,0
584.0, elevID,0,  pos,0,  cmd, goto,-1
595.0,Elev,0,  arrived at dest, -1, this call is done!, Elevator call,565.0195522,0,-1,3,0, Done, dt, 29.98044779999998
595.0, elevID,0,  pos,-1,  cmd, goto,3
596.0,Elev,1,  arrived at dest, 0, this call is done!, Elevator call,557.244139,10,0,3,1, Done, dt, 38.75586099999998
596.0, elevID,1,  pos,0,  cmd, goto,-1
597.0,Elevator call,596.1232023,8,0,1,1, got allocated to elevator, 1
601.0,Elevator call,600.931288,1,0,1,0, got allocated to elevator, 0
601.0, elevID,0,  pos,0,  cmd, stop,1
604.0,Elevator call,603.9342327,7,0,1,1, got allocated to elevator, 1
607.0,Elev,0,  arrived at src, 1, Elevator call,600.931288,1,0,2,0
607.0, elevID,0,  pos,1,  cmd, goto,3
607.0,Elev,1,  arrived at dest, -1, this call is done!, Elevator call,544.7880392,6,-1,3,1, Done, dt, 62.21196080000004
607.0, elevID,1,  pos,-1,  cmd, goto,7
618.0,Elevator call,617.9628339,0,3,1,0, got allocated to elevator, 0
619.0,Elev,0,  arrived at dest, 3, this call is done!, Elevator call,581.870309,0,3,3,0, Done, dt, 37.12969099999998
619.0, elevID,0,  pos,3,  cmd, goto,0
620.0,Elevator call,619.6454197,9,0,1,1, got allocated to elevator, 1
621.0,Elev,1,  arrived at src, 7, Elevator call,603.9342327,7,0,2,1
621.0, elevID,1,  pos,7,  cmd, goto,8
627.0,Elevator call,626.2116172,0,1,1,0, got allocated to elevator, 0
632.0,Elev,0,  arrived at dest, 0, this call is done!, Elevator call,600.931288,1,0,3,0, Done, dt, 31.068712000000005
632.0,Elev,0,  arrived at src, 0, Elevator call,617.9628339,0,3,2,0
632.0,Elev,0,  arrived at src, 0, Elevator call,626.2116172,0,1,2,0
632.0, elevID,0,  pos,0,  cmd, goto,1
632.0,Elev,1,  arrived at src, 8, Elevator call,596.1232023,8,0,2,1
632.0, elevID,1,  pos,8,  cmd, goto,9
643.0,Elev,0,  arrived at dest, 1, this call is done!, Elevator call,626.2116172,0,1,3,0, Done, dt, 16.788382800000022
643.0, elevID,0,  pos,1,  cmd, goto,3
643.0,Elev,1,  arrived at src, 9, Elevator call,619.6454197,9,0,2,1
643.0, elevID,1,  pos,9,  cmd, goto,0
644.0,Elevator call,643.8547515,-1,2,1,0, got allocated to elevator, 0
655.0,Elev,0,  arrived at dest, 3, this call is done!, Elevator call,617.9628339,0,3,3,0, Done, dt, 37.037166100000036
655.0, elevID,0,  pos,3,  cmd, goto,-1
658.0,Elev,1,  arrived at dest, 0, this call is done!, Elevator call,596.1232023,8,0,3,1, Done, dt, 61.8767977
658.0,Elev,1,  arrived at dest, 0, this call is done!, Elevator call,603.9342327,7,0,3,1, Done, dt, 54.06576729999995
658.0,Elev,1,  arrived at dest, 0, this call is done!, Elevator call,619.6454197,9,0,3,1, Done, dt, 38.35458029999995
661.0,Elevator call,660.0732908,6,10,1,0, got allocated to elevator, 0
662.0,Elevator call,661.042082,-1,3,1,1, got allocated to elevator, 1
662.0, elevID,1,  pos,0,  cmd, goto,-1
663.0,Elevator call,662.1730528,-1,5,1,1, got allocated to elevator, 1
666.0,Elevator call,665.1155549,-1,8,1,1, got allocated to elevator, 1
667.0,Elevator call,666.0340295,4,0,1,0, got allocated to elevator, 0
667.0,Elevator call,666.2411587,5,-1,1,1, got allocated to elevator, 1
669.0,Elev,0,  arrived at src, -1, Elevator call,643.8547515,-1,2,2,0
669.0, elevID,0,  pos,-1,  cmd, goto,2
673.0,Elevator call,672.6773142,0,-1,1,0, got allocated to elevator, 0
673.0, elevID,0,  pos,-1,  cmd, stop,0
673.0,Elev,1,  arrived at src, -1, Elevator call,661.042082,-1,3,2,1
673.0,Elev,1,  arrived at src, -1, Elevator call,662.1730528,-1,5,2,1
673.0,Elev,1,  arrived at src, -1, Elevator call,665.1155549,-1,8,2,1
673.0, elevID,1,  pos,-1,  cmd, goto,3
678.0,Elevator call,677.7341948,0,-1,1,0, got allocated to elevator, 0
679.0,Elevator call,678.9953585,-1,-2,1,0, got allocated to elevator, 0
680.0,Elev,0,  arrived at src, 0, Elevator call,672.6773142,0,-1,2,0
680.0,Elev,0,  arrived at src, 0, Elevator call,677.7341948,0,-1,2,0
680.0, elevID,0,  pos,0,  cmd, goto,2
685.0,Elev,1,  arrived at dest, 3, this call is done!, Elevator call,661.042082,-1,3,3,1, Done, dt, 23.95791799999995
685.0, elevID,1,  pos,3,  cmd, goto,5
692.0,Elev,0,  arrived at dest, 2, this call is done!, Elevator call,643.8547515,-1,2,3,0, Done, dt, 48.14524849999998
692.0, elevID,0,  pos,2,  cmd, goto,4
696.0,Elevator call,695.2239882,0,10,1,1, got allocated to elevator, 1
696.0,Elev,1,  arrived at dest, 5, this call is done!, Elevator call,662.1730528,-1,5,3,1, Done, dt, 33.82694719999995
696.0,Elev,1,  arrived at src, 5, Elevator call,666.2411587,5,-1,2,1
696.0, elevID,1,  pos,5,  cmd, goto,8
704.0,Elev,0,  arrived at src, 4, Elevator call,666.0340295,4,0,2,0
704.0, elevID,0,  pos,4,  cmd, goto,6
707.0,Elevator call,706.1583475,-1,-2,1,0, got allocated to elevator, 0
708.0,Elev,1,  arrived at dest, 8, this call is done!, Elevator call,665.1155549,-1,8,3,1, Done, dt, 42.88444509999999
708.0, elevID,1,  pos,8,  cmd, goto,0
711.0,Elevator call,710.324977,0,1,1,0, got allocated to elevator, 0
714.0,Elevator call,713.0191971,1,0,1,0, got allocated to elevator, 0
714.0,Elevator call,713.2499766,10,-1,1,1, got allocated to elevator, 1
716.0,Elev,0,  arrived at src, 6, Elevator call,660.0732908,6,10,2,0
716.0, elevID,0,  pos,6,  cmd, goto,10
722.0,Elev,1,  arrived at src, 0, Elevator call,695.2239882,0,10,2,1
722.0, elevID,1,  pos,0,  cmd, goto,-1
723.0,Elevator call,722.6161213,10,0,1,1, got allocated to elevator, 1
728.0,Elevator call,727.5146029,-1,0,1,0, got allocated to elevator, 0
730.0,Elev,0,  arrived at dest, 10, this call is done!, Elevator call,660.0732908,6,10,3,0, Done, dt, 69.9267092
730.0, elevID,0,  pos,10,  cmd, goto,1
733.0,Elevator call,732.9746341,6,-1,1,1, got allocated to elevator, 1
733.0,Elev,1,  arrived at dest, -1, this call is done!, Elevator call,666.2411587,5,-1,3,1, Done, dt, 66.75884129999997
733.0, elevID,1,  pos,-1,  cmd, goto,6
738.0,Elevator call,737.3147202,1,0,1,0, got allocated to elevator, 0
747.0,Elev,1,  arrived at src, 6, Elevator call,732.9746341,6,-1,2,1
747.0, elevID,1,  pos,6,  cmd, goto,10
749.0,Elev,0,  arrived at src, 1, Elevator call,713.0191971,1,0,2,0
749.0,Elev,0,  arrived at src, 1, Elevator call,737.3147202,1,0,2,0
749.0, elevID,0,  pos,1,  cmd, goto,0
759.0,Elev,1,  arrived at dest, 10, this call is done!, Elevator call,695.2239882,0,10,3,1, Done, dt, 63.77601179999999
759.0,Elev,1,  arrived at src, 10, Elevator call,713.2499766,10,-1,2,1
759.0,Elev,1,  arrived at src, 10, Elevator call,722.6161213,10,0,2,1
759.0, elevID,1,  pos,10,  cmd, goto,0
760.0,Elev,0,  arrived at dest, 0, this call is done!, Elevator call,666.0340295,4,0,3,0, Done, dt, 93.96597050000003
760.0,Elev,0,  arrived at src, 0, Elevator call,710.324977,0,1,2,0
760.0,Elev,0,  arrived at dest, 0, this call is done!, Elevator call,713.0191971,1,0,3,0, Done, dt, 46.98080289999996
760.0,Elev,0,  arrived at dest, 0, this call is done!, Elevator call,737.3147202,1,0,3,0, Done, dt, 22.68527979999999
760.0, elevID,0,  pos,0,  cmd, goto,-1
771.0,Elev,0,  arrived at dest, -1, this call is done!, Elevator call,672.6773142,0,-1,3,0, Done, dt, 98.32268580000004
771.0,Elev,0,  arrived at dest, -1, this call is done!, Elevator call,677.7341948,0,-1,3,0, Done, dt, 93.26580520000005
771.0,Elev,0,  arrived at src, -1, Elevator call,678.9953585,-1,-2,2,0
771.0,Elev,0,  arrived at src, -1, Elevator call,706.1583475,-1,-2,2,0
771.0,Elev,0,  arrived at src, -1, Elevator call,727.5146029,-1,0,2,0
771.0, elevID,0,  pos,-1,  cmd, goto,-2
774.0,Elev,1,  arrived at dest, 0, this call is done!, Elevator call,722.6161213,10,0,3,1, Done, dt, 51.38387869999997
774.0, elevID,1,  pos,0,  cmd, goto,-1
780.0,Elevator call,779.3996914,-1,5,1,1, got allocated to elevator, 1
782.0,Elev,0,  arrived at dest, -2, this call is done!, Elevator call,678.9953585,-1,-2,3,0, Done, dt, 103.00464150000005
782.0,Elev,0,  arrived at dest, -2, this call is done!, Elevator call,706.1583475,-1,-2,3,0, Done, dt, 75.84165250000001
782.0, elevID,0,  pos,-2,  cmd, goto,0
785.0,Elev,1,  arrived at dest, -1, this call is done!, Elevator call,713.2499766,10,-1,3,1, Done, dt, 71.75002340000003
785.0,Elev,1,  arrived at dest, -1, this call is done!, Elevator call,732.9746341,6,-1,3,1, Done, dt, 52.0253659
785.0,Elev,1,  arrived at src, -1, Elevator call,779.3996914,-1,5,2,1
785.0, elevID,1,  pos,-1,  cmd, goto,5
794.0,Elev,0,  arrived at dest, 0, this call is done!, Elevator call,727.5146029,-1,0,3,0, Done, dt, 66.4853971
794.0, elevID,0,  pos,0,  cmd, goto,1
798.0,Elev,1,  arrived at dest, 5, this call is done!, Elevator call,779.3996914,-1,5,3,1, Done, dt, 18.60030859999995
805.0,Elev,0,  arrived at dest, 1, this call is done!, Elevator call,710.324977,0,1,3,0, Done, dt, 94.67502300000001
806.0,Elevator call,805.6754743,-1,-2,1,0, got allocated to elevator, 0
806.0, elevID,0,  pos,1,  cmd, goto,-1
811.0,Elevator call,810.4469089,2,0,1,1, got allocated to elevator, 1
811.0, elevID,1,  pos,5,  cmd, goto,2
817.0,Elevator call,816.1516998,7,-1,1,1, got allocated to elevator, 1
818.0,Elev,0,  arrived at src, -1, Elevator call,805.6754743,-1,-2,2,0
818.0, elevID,0,  pos,-1,  cmd, goto,-2
823.0,Elev,1,  arrived at src, 2, Elevator call,810.4469089,2,0,2,1
823.0, elevID,1,  pos,2,  cmd, goto,0
826.0,Elevator call,825.4575185,7,0,1,1, got allocated to elevator, 1
829.0,Elev,0,  arrived at dest, -2, this call is done!, Elevator call,805.6754743,-1,-2,3,0, Done, dt, 23.32452569999998
834.0,Elev,1,  arrived at dest, 0, this call is done!, Elevator call,810.4469089,2,0,3,1, Done, dt, 23.55309109999996
834.0, elevID,1,  pos,0,  cmd, goto,7
840.0,Elevator call,839.8525653,0,1,1,0, got allocated to elevator, 0
840.0, elevID,0,  pos,-2,  cmd, goto,0
848.0,Elev,1,  arrived at src, 7, Elevator call,816.1516998,7,-1,2,1
848.0,Elev,1,  arrived at src, 7, Elevator call,825.4575185,7,0,2,1
848.0, elevID,1,  pos,7,  cmd, goto,0
852.0,Elev,0,  arrived at src, 0, Elevator call,839.8525653,0,1,2,0
852.0, elevID,0,  pos,0,  cmd, goto,1
855.0,Elevator call,854.2002278,6,-1,1,0, got allocated to elevator, 0
862.0,Elev,1,  arrived at dest, 0, this call is done!, Elevator call,825.4575185,7,0,3,1, Done, dt, 36.54248150000001
862.0, elevID,1,  pos,0,  cmd, goto,-1
863.0,Elev,0,  arrived at dest, 1, this call is done!, Elevator call,839.8525653,0,1,3,0, Done, dt, 23.147434699999963
863.0, elevID,0,  pos,1,  cmd, goto,6
864.0,Elevator call,863.8932913,0,-1,1,0, got allocated to elevator, 0
871.0,Elevator call,870.5053024,0,7,1,1, got allocated to elevator, 1
873.0,Elev,1,  arrived at dest, -1, this call is done!, Elevator call,816.1516998,7,-1,3,1, Done, dt, 56.84830020000004
873.0, elevID,1,  pos,-1,  cmd, goto,0
878.0,Elev,0,  arrived at src, 6, Elevator call,854.2002278,6,-1,2,0
878.0, elevID,0,  pos,6,  cmd, goto,0
884.0,Elev,1,  arrived at src, 0, Elevator call,870.5053024,0,7,2,1
884.0, elevID,1,  pos,0,  cmd, goto,7
887.0,Elevator call,886.5649993,-1,-2,1,0, got allocated to elevator, 0
893.0,Elevator call,892.5212151,9,-1,1,1, got allocated to elevator, 1
894.0,Elev,0,  arrived at src, 0, Elevator call,863.8932913,0,-1,2,0
894.0, elevID,0,  pos,0,  cmd, goto,-1
898.0,Elev,1,  arrived at dest, 7, this call is done!, Elevator call,870.5053024,0,7,3,1, Done, dt, 27.494697599999995
898.0, elevID,1,  pos,7,  cmd, goto,9
905.0,Elev,0,  arrived at dest, -1, this call is done!, Elevator call,854.2002278,6,-1,3,0, Done, dt, 50.79977220000001
905.0,Elev,0,  arrived at dest, -1, this call is done!, Elevator call,863.8932913,0,-1,3,0, Done, dt, 41.10670870000001
905.0,Elev,0,  arrived at src, -1, Elevator call,886.5649993,-1,-2,2,0
905.0, elevID,0,  pos,-1,  cmd, goto,-2
909.0,Elev,1,  arrived at src, 9, Elevator call,892.5212151,9,-1,2,1
909.0, elevID,1,  pos,9,  cmd, goto,-1
911.0,Elevator call,910.5388559,6,5,1,1, got allocated to elevator, 1
, elevID,1,  pos,9,  cmd, stop,6
916.0,Elevator call,915.9490575,4,-1,1,1, got allocated to elevator, 1
916.0,Elev,0,  arrived at dest, -2, this call is done!, Elevator call,886.5649993,-1,-2,3,0, Done, dt, 29.435000700000046
921.0,Elev,1,  arrived at src, 6, Elevator call,910.5388559,6,5,2,1
921.0, elevID,1,  pos,6,  cmd, goto,5
932.0,Elev,1,  arrived at dest, 5, this call is done!, Elevator call,910.5388559,6,5,3,1, Done, dt, 21.461144099999956
932.0, elevID,1,  pos,5,  cmd, goto,4
934.0,Elevator call,933.8580452,7,5,1,0, got allocated to elevator, 0
934.0, elevID,0,  pos,-2,  cmd, goto,7
943.0,Elev,1,  arrived at src, 4, Elevator call,915.9490575,4,-1,2,1
943.0, elevID,1,  pos,4,  cmd, goto,-1
953.0,Elev,0,  arrived at src, 7, Elevator call,933.8580452,7,5,2,0
953.0, elevID,0,  pos,7,  cmd, goto,5
956.0,Elev,1,  arrived at dest, -1, this call is done!, Elevator call,892.5212151,9,-1,3,1, Done, dt, 63.47878490000005
956.0,Elev,1,  arrived at dest, -1, this call is done!, Elevator call,915.9490575,4,-1,3,1, Done, dt, 40.05094250000002
962.0,Elevator call,961.6862856,6,-1,1,0, got allocated to elevator, 0
965.0,Elev,0,  arrived at dest, 5, this call is done!, Elevator call,933.8580452,7,5,3,0, Done, dt, 31.141954800000008
965.0, elevID,0,  pos,5,  cmd, goto,6
973.0,Elevator call,972.8032126,1,0,1,0, got allocated to elevator, 0
976.0,Elevator call,975.8361203,0,-1,1,0, got allocated to elevator, 0
976.0,Elev,0,  arrived at src, 6, Elevator call,961.6862856,6,-1,2,0
976.0, elevID,0,  pos,6,  cmd, goto,1
979.0,Elevator call,978.5925149,10,0,1,1, got allocated to elevator, 1
979.0,Elevator call,978.6210501,10,-1,1,1, got allocated to elevator, 1
979.0, elevID,1,  pos,-1,  cmd, goto,10
985.0,Elevator call,984.1840186,7,0,1,1, got allocated to elevator, 1
985.0, elevID,1,  pos,1,  cmd, stop,7
991.0,Elev,0,  arrived at src, 1, Elevator call,972.8032126,1,0,2,0
991.0, elevID,0,  pos,1,  cmd, goto,0
993.0,Elev,1,  arrived at src, 7, Elevator call,984.1840186,7,0,2,1
993.0, elevID,1,  pos,7,  cmd, goto,10
1002.0,Elev,0,  arrived at dest, 0, this call is done!, Elevator call,972.8032126,1,0,3,0, Done, dt, 29.19678739999995
1002.0,Elev,0,  arrived at src, 0, Elevator call,975.8361203,0,-1,2,0
1002.0, elevID,0,  pos,0,  cmd, goto,-1
1005.0,Elev,1,  arrived at src, 10, Elevator call,978.5925149,10,0,2,1
1005.0,Elev,1,  arrived at src, 10, Elevator call,978.6210501,10,-1,2,1
1005.0, elevID,1,  pos,10,  cmd, goto,0
1013.0,Elev,0,  arrived at dest, -1, this call is done!, Elevator call,961.6862856,6,-1,3,0, Done, dt, 51.31371439999998
1013.0,Elev,0,  arrived at dest, -1, this call is done!, Elevator call,975.8361203,0,-1,3,0, Done, dt, 37.16387970000005
1020.0,Elev,1,  arrived at dest, 0, this call is done!, Elevator call,978.5925149,10,0,3,1, Done, dt, 41.40748510000003
1020.0,Elev,1,  arrived at dest, 0, this call is done!, Elevator call,984.1840186,7,0,3,1, Done, dt, 35.815981400000055
1020.0, elevID,1,  pos,0,  cmd, goto,-1
1031.0,Elev,1,  arrived at dest, -1, this call is done!, Elevator call,978.6210501,10,-1,3,1, Done, dt, 52.37894989999995
1032.0,************* Simulation Ended ************
Code Owners,213101637,203464870,  Building_file,B2.json,  Calls,Calls_a2.csv
Total waiting time: 4707.0,  average waiting time per call: 47.07,  unCompleted calls,0,  certificate, -238215980
